Added Component: Designator=1(SOT23)
Added Component: Designator=BT1(CR1220)
Added Component: Designator=C1(0805C)
Added Component: Designator=C2(0805C)
Added Component: Designator=C3(0805C)
Added Component: Designator=C4(0805C)
Added Component: Designator=C5(0805C)
Added Component: Designator=C6(0805C)
Added Component: Designator=C7(0805C)
Added Component: Designator=C8(0805C)
Added Component: Designator=C9(0805C)
Added Component: Designator=C10(0805C)
Added Component: Designator=C11(0805C)
Added Component: Designator=C12(0805C)
Added Component: Designator=C13(0805C)
Added Component: Designator=C14(0805C)
Added Component: Designator=C15(0805C)
Added Component: Designator=C16(0805C)
Added Component: Designator=C17(0805C)
Added Component: Designator=C18(0805C)
Added Component: Designator=C19(0805C)
Added Component: Designator=C20(0805C)
Added Component: Designator=C21(0805C)
Added Component: Designator=C22(0805C)
Added Component: Designator=C23(0805C)
Added Component: Designator=C24(0805C)
Added Component: Designator=C25(0805C)
Added Component: Designator=C26(0805C)
Added Component: Designator=C27(0805C)
Added Component: Designator=C28(0805C)
Added Component: Designator=C29(0805C)
Added Component: Designator=C30(0805C)
Added Component: Designator=C31(0805C)
Added Component: Designator=C32(0805C)
Added Component: Designator=C33(0805C)
Added Component: Designator=C34(0805C)
Added Component: Designator=C35(0805C)
Added Component: Designator=C36(0805C)
Added Component: Designator=C37(0805C)
Added Component: Designator=C38(0805C)
Added Component: Designator=C39(0805C)
Added Component: Designator=C40(0805C)
Added Component: Designator=C41(0805C)
Added Component: Designator=C42(0805C)
Added Component: Designator=C43(0805C)
Added Component: Designator=C44(0805C)
Added Component: Designator=C45(0805C)
Added Component: Designator=C46(0805C)
Added Component: Designator=C47(0805C)
Added Component: Designator=C48(0805C)
Added Component: Designator=C49(0805C)
Added Component: Designator=C50(0805C)
Added Component: Designator=C51(0805C)
Added Component: Designator=C52(0805C)
Added Component: Designator=C53(0805C)
Added Component: Designator=C54(0805C)
Added Component: Designator=C55(0805C)
Added Component: Designator=C56(0805C)
Added Component: Designator=C57(0805C)
Added Component: Designator=C58(0805C)
Added Component: Designator=C59(0805C)
Added Component: Designator=D1(0805-LED-RED)
Added Component: Designator=D2(0805-LED-RED)
Added Component: Designator=D3(0805-LED-RED)
Added Component: Designator=D4(0805-LED-RED)
Added Component: Designator=D5(0805-LED-RED)
Added Component: Designator=D6(0805-LED-RED)
Added Component: Designator=D7(0805-LED-RED)
Added Component: Designator=D8(0805-LED-RED)
Added Component: Designator=D9(0805-LED-RED)
Added Component: Designator=D10(0805-LED-RED)
Added Component: Designator=D11(0805-LED-RED)
Added Component: Designator=D12(0805-LED-RED)
Added Component: Designator=D13(0805-LED-RED)
Added Component: Designator=J1(SIP4-2.54MM)
Added Component: Designator=J2(HDR1X4-2.54MM)
Added Component: Designator=J3(RJ45-HR911105A)
Added Component: Designator=J4(HDR1X3-2.54MM)
Added Component: Designator=J5(DB9RA/M)
Added Component: Designator=J6(XH2.54-2P)
Added Component: Designator=J7(TFP09-2-12B)
Added Component: Designator=J8(sip3-2.54mm)
Added Component: Designator=J9(USB-A)
Added Component: Designator=J10(USB-MINI-B)
Added Component: Designator=JP1(DC3)
Added Component: Designator=L1(0805_SmallR)
Added Component: Designator=L2(0805_SmallR)
Added Component: Designator=L3(0805_SmallR)
Added Component: Designator=P1(HDR2X10-2.54MM)
Added Component: Designator=P2(HDR2X10-2.54MM)
Added Component: Designator=P3(HDR2X10-2.54MM)
Added Component: Designator=P4(HDR2X10-2.54MM)
Added Component: Designator=P5(HDR2X10-2.54MM)
Added Component: Designator=P6(HDR2X5-2.54MM)
Added Component: Designator=P7(HDR2X5-2.54MM)
Added Component: Designator=P8(HDR2X4-2.54MM)
Added Component: Designator=P9(IDE20-2.54MM)
Added Component: Designator=R1(0805_small)
Added Component: Designator=R2(0805_small)
Added Component: Designator=R3(0805_small)
Added Component: Designator=R4(0805_small)
Added Component: Designator=R5(0805_small)
Added Component: Designator=R6(0805_small)
Added Component: Designator=R7(0805_small)
Added Component: Designator=R8(0805_small)
Added Component: Designator=R9(0805_small)
Added Component: Designator=R10(0805_small)
Added Component: Designator=R11(0805_small)
Added Component: Designator=R12(0805_small)
Added Component: Designator=R13(0805_small)
Added Component: Designator=R14(0805_small)
Added Component: Designator=R15(0805_small)
Added Component: Designator=R16(0805_small)
Added Component: Designator=R17(0805_small)
Added Component: Designator=R18(0805_small)
Added Component: Designator=R19(0805_small)
Added Component: Designator=R20(0805_small)
Added Component: Designator=R21(0805_small)
Added Component: Designator=R22(0805_small)
Added Component: Designator=R23(0805_small)
Added Component: Designator=R24(0805_small)
Added Component: Designator=R25(0805_small)
Added Component: Designator=R26(0805_small)
Added Component: Designator=R27(0805_small)
Added Component: Designator=R28(0805_small)
Added Component: Designator=R29(0805_small)
Added Component: Designator=R30(0805_small)
Added Component: Designator=R31(0805_small)
Added Component: Designator=R32(0805_small)
Added Component: Designator=R33(0805_small)
Added Component: Designator=R34(0805_small)
Added Component: Designator=R35(0805_small)
Added Component: Designator=R36(0805_small)
Added Component: Designator=R37(0805_small)
Added Component: Designator=R38(0805_small)
Added Component: Designator=R39(0805_small)
Added Component: Designator=R40(0805_small)
Added Component: Designator=R41(0805_small)
Added Component: Designator=R42(0805_small)
Added Component: Designator=R43(0805_small)
Added Component: Designator=R44(0805_small)
Added Component: Designator=R45(0805_small)
Added Component: Designator=R46(0805_small)
Added Component: Designator=R47(0805_small)
Added Component: Designator=R48(0805_small)
Added Component: Designator=R49(0805_small)
Added Component: Designator=R50(0805_small)
Added Component: Designator=R51(0805_small)
Added Component: Designator=R52(0805_small)
Added Component: Designator=R53(0805_small)
Added Component: Designator=R54(0805_small)
Added Component: Designator=R55(0805_small)
Added Component: Designator=R56(0805_small)
Added Component: Designator=R57(0805_small)
Added Component: Designator=R58(0805_small)
Added Component: Designator=R59(0805_small)
Added Component: Designator=R60(0805_small)
Added Component: Designator=R61(0805_small)
Added Component: Designator=R62(0805_small)
Added Component: Designator=R63(0805_small)
Added Component: Designator=R64(0805_small)
Added Component: Designator=R65(0805_small)
Added Component: Designator=R66(0805_small)
Added Component: Designator=R67(0805_small)
Added Component: Designator=R68(0805_small)
Added Component: Designator=R69(0805_small)
Added Component: Designator=R70(0805_small)
Added Component: Designator=R71(0805_small)
Added Component: Designator=R72(0805_small)
Added Component: Designator=R73(0805_small)
Added Component: Designator=R74(0805_small)
Added Component: Designator=R75(0805_small)
Added Component: Designator=R76(0805_small)
Added Component: Designator=R77(0805_small)
Added Component: Designator=R78(0805_small)
Added Component: Designator=R79(0805_small)
Added Component: Designator=R80(0805_small)
Added Component: Designator=R81(0805_small)
Added Component: Designator=R82(0805_small)
Added Component: Designator=R83(0805_small)
Added Component: Designator=R84(0805_small)
Added Component: Designator=R85(0805_small)
Added Component: Designator=R86(0805_small)
Added Component: Designator=R87(0805_small)
Added Component: Designator=R88(0805_small)
Added Component: Designator=R89(0805_small)
Added Component: Designator=R90(0805_small)
Added Component: Designator=R91(0805_small)
Added Component: Designator=S1(k_TS_021)
Added Component: Designator=S2(k_TS_021)
Added Component: Designator=S3(k_TS_021)
Added Component: Designator=S4(k_TS_021)
Added Component: Designator=S5(k_TS_021)
Added Component: Designator=U1(SO-8)
Added Component: Designator=U2(SO-8)
Added Component: Designator=U3(SO-8)
Added Component: Designator=U4(SO-8)
Added Component: Designator=U5(LQFP-48)
Added Component: Designator=U6(SOT-223(DCY4))
Added Component: Designator=U7(SO-16)
Added Component: Designator=U8(SO-8)
Added Component: Designator=U9(LQFP100_N)
Added Component: Designator=W1(0603_jump_Pad)
Added Component: Designator=W2(0603_jump_Pad)
Added Component: Designator=W3(0603_jump_Pad)
Added Component: Designator=W4(0603_jump_Pad)
Added Component: Designator=W5(0603_jump_Pad)
Added Component: Designator=W6(0603_jump_Pad)
Added Component: Designator=W7(0603_jump_Pad)
Added Component: Designator=W8(0603_jump_Pad)
Added Component: Designator=W9(0603_jump_Pad)
Added Component: Designator=W10(0603_jump_Pad)
Added Component: Designator=W11(0603_jump_Pad)
Added Component: Designator=W12(0603_jump_Pad)
Added Component: Designator=W13(0603_jump_Pad)
Added Component: Designator=W14(0603_jump_Pad)
Added Component: Designator=W15(sip2-2.54mm)
Added Component: Designator=XTAL1(ÌùÆ¬ÓÐÔ´¾§Ìå)
Added Component: Designator=Y1(CRYSTAL)
Added Component: Designator=Y2(CRYSTAL)
Added Pin To Net: NetName=+3.3V Pin=C1-2
Added Pin To Net: NetName=+3.3V Pin=C2-2
Added Pin To Net: NetName=+3.3V Pin=C3-2
Added Pin To Net: NetName=+3.3V Pin=C4-2
Added Pin To Net: NetName=+3.3V Pin=C5-2
Added Pin To Net: NetName=+3.3V Pin=C6-2
Added Pin To Net: NetName=+3.3V Pin=C9-1
Added Pin To Net: NetName=+3.3V Pin=C10-1
Added Pin To Net: NetName=+3.3V Pin=C11-1
Added Pin To Net: NetName=+3.3V Pin=C12-1
Added Pin To Net: NetName=+3.3V Pin=C13-1
Added Pin To Net: NetName=+3.3V Pin=C14-1
Added Pin To Net: NetName=+3.3V Pin=C23-1
Added Pin To Net: NetName=+3.3V Pin=C24-1
Added Pin To Net: NetName=+3.3V Pin=C25-1
Added Pin To Net: NetName=+3.3V Pin=C29-2
Added Pin To Net: NetName=+3.3V Pin=C30-2
Added Pin To Net: NetName=+3.3V Pin=C31-2
Added Pin To Net: NetName=+3.3V Pin=C37-1
Added Pin To Net: NetName=+3.3V Pin=C38-1
Added Pin To Net: NetName=+3.3V Pin=C39-1
Added Pin To Net: NetName=+3.3V Pin=C40-1
Added Pin To Net: NetName=+3.3V Pin=C41-1
Added Pin To Net: NetName=+3.3V Pin=C51-1
Added Pin To Net: NetName=+3.3V Pin=C52-1
Added Pin To Net: NetName=+3.3V Pin=C53-1
Added Pin To Net: NetName=+3.3V Pin=C54-1
Added Pin To Net: NetName=+3.3V Pin=C55-1
Added Pin To Net: NetName=+3.3V Pin=C56-1
Added Pin To Net: NetName=+3.3V Pin=C57-1
Added Pin To Net: NetName=+3.3V Pin=D1-1
Added Pin To Net: NetName=+3.3V Pin=D2-1
Added Pin To Net: NetName=+3.3V Pin=D3-1
Added Pin To Net: NetName=+3.3V Pin=D4-1
Added Pin To Net: NetName=+3.3V Pin=D10-1
Added Pin To Net: NetName=+3.3V Pin=D11-1
Added Pin To Net: NetName=+3.3V Pin=D12-1
Added Pin To Net: NetName=+3.3V Pin=D13-1
Added Pin To Net: NetName=+3.3V Pin=J1-2
Added Pin To Net: NetName=+3.3V Pin=J3-4
Added Pin To Net: NetName=+3.3V Pin=J3-5
Added Pin To Net: NetName=+3.3V Pin=J4-3
Added Pin To Net: NetName=+3.3V Pin=J7-4
Added Pin To Net: NetName=+3.3V Pin=L1-1
Added Pin To Net: NetName=+3.3V Pin=L3-1
Added Pin To Net: NetName=+3.3V Pin=P2-19
Added Pin To Net: NetName=+3.3V Pin=P5-1
Added Pin To Net: NetName=+3.3V Pin=P5-19
Added Pin To Net: NetName=+3.3V Pin=P6-1
Added Pin To Net: NetName=+3.3V Pin=P6-3
Added Pin To Net: NetName=+3.3V Pin=P7-1
Added Pin To Net: NetName=+3.3V Pin=P8-8
Added Pin To Net: NetName=+3.3V Pin=R4-1
Added Pin To Net: NetName=+3.3V Pin=R6-1
Added Pin To Net: NetName=+3.3V Pin=R7-2
Added Pin To Net: NetName=+3.3V Pin=R24-1
Added Pin To Net: NetName=+3.3V Pin=R25-1
Added Pin To Net: NetName=+3.3V Pin=R26-1
Added Pin To Net: NetName=+3.3V Pin=R27-1
Added Pin To Net: NetName=+3.3V Pin=R35-1
Added Pin To Net: NetName=+3.3V Pin=R36-1
Added Pin To Net: NetName=+3.3V Pin=R37-1
Added Pin To Net: NetName=+3.3V Pin=R38-1
Added Pin To Net: NetName=+3.3V Pin=R39-1
Added Pin To Net: NetName=+3.3V Pin=R40-1
Added Pin To Net: NetName=+3.3V Pin=R42-2
Added Pin To Net: NetName=+3.3V Pin=R43-2
Added Pin To Net: NetName=+3.3V Pin=R44-2
Added Pin To Net: NetName=+3.3V Pin=R45-2
Added Pin To Net: NetName=+3.3V Pin=R46-2
Added Pin To Net: NetName=+3.3V Pin=R49-1
Added Pin To Net: NetName=+3.3V Pin=R50-1
Added Pin To Net: NetName=+3.3V Pin=R51-1
Added Pin To Net: NetName=+3.3V Pin=R52-1
Added Pin To Net: NetName=+3.3V Pin=R53-2
Added Pin To Net: NetName=+3.3V Pin=R54-2
Added Pin To Net: NetName=+3.3V Pin=R55-2
Added Pin To Net: NetName=+3.3V Pin=R56-2
Added Pin To Net: NetName=+3.3V Pin=R57-1
Added Pin To Net: NetName=+3.3V Pin=R58-2
Added Pin To Net: NetName=+3.3V Pin=R69-1
Added Pin To Net: NetName=+3.3V Pin=R71-1
Added Pin To Net: NetName=+3.3V Pin=R72-2
Added Pin To Net: NetName=+3.3V Pin=R73-2
Added Pin To Net: NetName=+3.3V Pin=U1-8
Added Pin To Net: NetName=+3.3V Pin=U2-3
Added Pin To Net: NetName=+3.3V Pin=U2-7
Added Pin To Net: NetName=+3.3V Pin=U2-8
Added Pin To Net: NetName=+3.3V Pin=U5-32
Added Pin To Net: NetName=+3.3V Pin=U6-2
Added Pin To Net: NetName=+3.3V Pin=U6-4
Added Pin To Net: NetName=+3.3V Pin=U7-16
Added Pin To Net: NetName=+3.3V Pin=U9-11
Added Pin To Net: NetName=+3.3V Pin=U9-28
Added Pin To Net: NetName=+3.3V Pin=U9-50
Added Pin To Net: NetName=+3.3V Pin=U9-75
Added Pin To Net: NetName=+3.3V Pin=U9-100
Added Pin To Net: NetName=+3.3V Pin=W12-1
Added Pin To Net: NetName=+3.3V Pin=W14-2
Added Net: Name=+3.3V
Added Pin To Net: NetName=+5V Pin=C26-2
Added Pin To Net: NetName=+5V Pin=C27-2
Added Pin To Net: NetName=+5V Pin=C28-2
Added Pin To Net: NetName=+5V Pin=C36-1
Added Pin To Net: NetName=+5V Pin=C58-1
Added Pin To Net: NetName=+5V Pin=C59-1
Added Pin To Net: NetName=+5V Pin=J9-1
Added Pin To Net: NetName=+5V Pin=JP1-1
Added Pin To Net: NetName=+5V Pin=P6-5
Added Pin To Net: NetName=+5V Pin=P6-7
Added Pin To Net: NetName=+5V Pin=P6-9
Added Pin To Net: NetName=+5V Pin=R63-1
Added Pin To Net: NetName=+5V Pin=U3-3
Added Pin To Net: NetName=+5V Pin=U4-3
Added Pin To Net: NetName=+5V Pin=U6-3
Added Pin To Net: NetName=+5V Pin=U8-8
Added Pin To Net: NetName=+5V Pin=W15-2
Added Net: Name=+5V
Added Pin To Net: NetName=ACTLED Pin=J3-10
Added Pin To Net: NetName=ACTLED Pin=R44-1
Added Pin To Net: NetName=ACTLED Pin=U5-26
Added Net: Name=ACTLED
Added Pin To Net: NetName=AGND Pin=1-3
Added Pin To Net: NetName=AGND Pin=C46-1
Added Pin To Net: NetName=AGND Pin=C47-1
Added Pin To Net: NetName=AGND Pin=L2-1
Added Pin To Net: NetName=AGND Pin=U9-20
Added Net: Name=AGND
Added Pin To Net: NetName=BOOT0 Pin=R82-1
Added Pin To Net: NetName=BOOT0 Pin=U9-94
Added Pin To Net: NetName=BOOT0 Pin=W14-1
Added Net: Name=BOOT0
Added Pin To Net: NetName=CAN1_H Pin=J2-2
Added Pin To Net: NetName=CAN1_H Pin=R14-2
Added Net: Name=CAN1_H
Added Pin To Net: NetName=CAN1_L Pin=J2-1
Added Pin To Net: NetName=CAN1_L Pin=R17-2
Added Net: Name=CAN1_L
Added Pin To Net: NetName=CAN2_H Pin=J2-4
Added Pin To Net: NetName=CAN2_H Pin=R20-2
Added Net: Name=CAN2_H
Added Pin To Net: NetName=CAN2_L Pin=J2-3
Added Pin To Net: NetName=CAN2_L Pin=R23-2
Added Net: Name=CAN2_L
Added Pin To Net: NetName=CD Pin=J7-2
Added Pin To Net: NetName=CD Pin=P3-8
Added Pin To Net: NetName=CD Pin=P7-6
Added Pin To Net: NetName=CD Pin=R9-2
Added Pin To Net: NetName=CD Pin=R71-2
Added Pin To Net: NetName=CD Pin=R74-1
Added Pin To Net: NetName=CD Pin=U9-79
Added Net: Name=CD
Added Pin To Net: NetName=CLK Pin=J7-5
Added Pin To Net: NetName=CLK Pin=P3-10
Added Pin To Net: NetName=CLK Pin=P7-8
Added Pin To Net: NetName=CLK Pin=R11-1
Added Pin To Net: NetName=CLK Pin=R76-2
Added Pin To Net: NetName=CLK Pin=U9-80
Added Net: Name=CLK
Added Pin To Net: NetName=CMD Pin=J7-3
Added Pin To Net: NetName=CMD Pin=P3-16
Added Pin To Net: NetName=CMD Pin=P7-7
Added Pin To Net: NetName=CMD Pin=U9-83
Added Net: Name=CMD
Added Pin To Net: NetName=DATA0 Pin=J7-7
Added Pin To Net: NetName=DATA0 Pin=P7-9
Added Net: Name=DATA0
Added Pin To Net: NetName=DATA1 Pin=J7-8
Added Pin To Net: NetName=DATA1 Pin=P7-10
Added Net: Name=DATA1
Added Pin To Net: NetName=DATA2 Pin=J7-1
Added Pin To Net: NetName=DATA2 Pin=P3-6
Added Pin To Net: NetName=DATA2 Pin=P7-5
Added Pin To Net: NetName=DATA2 Pin=R10-1
Added Pin To Net: NetName=DATA2 Pin=R75-1
Added Pin To Net: NetName=DATA2 Pin=U9-78
Added Net: Name=DATA2
Added Pin To Net: NetName=DGND Pin=BT1-2
Added Pin To Net: NetName=DGND Pin=C1-1
Added Pin To Net: NetName=DGND Pin=C2-1
Added Pin To Net: NetName=DGND Pin=C3-1
Added Pin To Net: NetName=DGND Pin=C4-1
Added Pin To Net: NetName=DGND Pin=C5-1
Added Pin To Net: NetName=DGND Pin=C6-1
Added Pin To Net: NetName=DGND Pin=C7-2
Added Pin To Net: NetName=DGND Pin=C8-2
Added Pin To Net: NetName=DGND Pin=C9-2
Added Pin To Net: NetName=DGND Pin=C10-2
Added Pin To Net: NetName=DGND Pin=C11-2
Added Pin To Net: NetName=DGND Pin=C12-2
Added Pin To Net: NetName=DGND Pin=C13-2
Added Pin To Net: NetName=DGND Pin=C14-2
Added Pin To Net: NetName=DGND Pin=C15-2
Added Pin To Net: NetName=DGND Pin=C16-2
Added Pin To Net: NetName=DGND Pin=C17-2
Added Pin To Net: NetName=DGND Pin=C18-2
Added Pin To Net: NetName=DGND Pin=C19-1
Added Pin To Net: NetName=DGND Pin=C20-1
Added Pin To Net: NetName=DGND Pin=C21-1
Added Pin To Net: NetName=DGND Pin=C22-1
Added Pin To Net: NetName=DGND Pin=C23-2
Added Pin To Net: NetName=DGND Pin=C24-2
Added Pin To Net: NetName=DGND Pin=C25-2
Added Pin To Net: NetName=DGND Pin=C26-1
Added Pin To Net: NetName=DGND Pin=C27-1
Added Pin To Net: NetName=DGND Pin=C28-1
Added Pin To Net: NetName=DGND Pin=C29-1
Added Pin To Net: NetName=DGND Pin=C30-1
Added Pin To Net: NetName=DGND Pin=C31-1
Added Pin To Net: NetName=DGND Pin=C32-1
Added Pin To Net: NetName=DGND Pin=C35-1
Added Pin To Net: NetName=DGND Pin=C36-2
Added Pin To Net: NetName=DGND Pin=C37-2
Added Pin To Net: NetName=DGND Pin=C38-2
Added Pin To Net: NetName=DGND Pin=C39-2
Added Pin To Net: NetName=DGND Pin=C40-2
Added Pin To Net: NetName=DGND Pin=C41-2
Added Pin To Net: NetName=DGND Pin=C42-2
Added Pin To Net: NetName=DGND Pin=C43-2
Added Pin To Net: NetName=DGND Pin=C44-2
Added Pin To Net: NetName=DGND Pin=C45-2
Added Pin To Net: NetName=DGND Pin=C48-1
Added Pin To Net: NetName=DGND Pin=C49-1
Added Pin To Net: NetName=DGND Pin=C50-2
Added Pin To Net: NetName=DGND Pin=C51-2
Added Pin To Net: NetName=DGND Pin=C52-2
Added Pin To Net: NetName=DGND Pin=C53-2
Added Pin To Net: NetName=DGND Pin=C54-2
Added Pin To Net: NetName=DGND Pin=C55-2
Added Pin To Net: NetName=DGND Pin=C56-2
Added Pin To Net: NetName=DGND Pin=C57-2
Added Pin To Net: NetName=DGND Pin=C58-2
Added Pin To Net: NetName=DGND Pin=C59-2
Added Pin To Net: NetName=DGND Pin=D9-2
Added Pin To Net: NetName=DGND Pin=J1-1
Added Pin To Net: NetName=DGND Pin=J3-8
Added Pin To Net: NetName=DGND Pin=J3-13
Added Pin To Net: NetName=DGND Pin=J3-14
Added Pin To Net: NetName=DGND Pin=J4-1
Added Pin To Net: NetName=DGND Pin=J5-5
Added Pin To Net: NetName=DGND Pin=J7-6
Added Pin To Net: NetName=DGND Pin=J7-10
Added Pin To Net: NetName=DGND Pin=J7-11
Added Pin To Net: NetName=DGND Pin=J7-12
Added Pin To Net: NetName=DGND Pin=J7-13
Added Pin To Net: NetName=DGND Pin=J9-4
Added Pin To Net: NetName=DGND Pin=J9-5
Added Pin To Net: NetName=DGND Pin=J9-6
Added Pin To Net: NetName=DGND Pin=J10-5
Added Pin To Net: NetName=DGND Pin=J10-6
Added Pin To Net: NetName=DGND Pin=J10-7
Added Pin To Net: NetName=DGND Pin=J10-8
Added Pin To Net: NetName=DGND Pin=J10-9
Added Pin To Net: NetName=DGND Pin=JP1-2
Added Pin To Net: NetName=DGND Pin=JP1-3
Added Pin To Net: NetName=DGND Pin=L2-2
Added Pin To Net: NetName=DGND Pin=P2-17
Added Pin To Net: NetName=DGND Pin=P5-2
Added Pin To Net: NetName=DGND Pin=P6-2
Added Pin To Net: NetName=DGND Pin=P6-4
Added Pin To Net: NetName=DGND Pin=P6-6
Added Pin To Net: NetName=DGND Pin=P6-8
Added Pin To Net: NetName=DGND Pin=P6-10
Added Pin To Net: NetName=DGND Pin=P7-2
Added Pin To Net: NetName=DGND Pin=P8-7
Added Pin To Net: NetName=DGND Pin=P9-4
Added Pin To Net: NetName=DGND Pin=P9-6
Added Pin To Net: NetName=DGND Pin=P9-8
Added Pin To Net: NetName=DGND Pin=P9-10
Added Pin To Net: NetName=DGND Pin=P9-12
Added Pin To Net: NetName=DGND Pin=P9-14
Added Pin To Net: NetName=DGND Pin=P9-16
Added Pin To Net: NetName=DGND Pin=P9-18
Added Pin To Net: NetName=DGND Pin=P9-20
Added Pin To Net: NetName=DGND Pin=R13-1
Added Pin To Net: NetName=DGND Pin=R19-1
Added Pin To Net: NetName=DGND Pin=R31-2
Added Pin To Net: NetName=DGND Pin=R32-2
Added Pin To Net: NetName=DGND Pin=R47-2
Added Pin To Net: NetName=DGND Pin=R67-1
Added Pin To Net: NetName=DGND Pin=R68-2
Added Pin To Net: NetName=DGND Pin=R81-2
Added Pin To Net: NetName=DGND Pin=R82-2
Added Pin To Net: NetName=DGND Pin=R88-2
Added Pin To Net: NetName=DGND Pin=S1-2
Added Pin To Net: NetName=DGND Pin=S2-2
Added Pin To Net: NetName=DGND Pin=S3-2
Added Pin To Net: NetName=DGND Pin=S4-2
Added Pin To Net: NetName=DGND Pin=S5-1
Added Pin To Net: NetName=DGND Pin=U1-1
Added Pin To Net: NetName=DGND Pin=U1-2
Added Pin To Net: NetName=DGND Pin=U1-3
Added Pin To Net: NetName=DGND Pin=U1-4
Added Pin To Net: NetName=DGND Pin=U1-7
Added Pin To Net: NetName=DGND Pin=U2-4
Added Pin To Net: NetName=DGND Pin=U3-2
Added Pin To Net: NetName=DGND Pin=U4-2
Added Pin To Net: NetName=DGND Pin=U5-15
Added Pin To Net: NetName=DGND Pin=U5-19
Added Pin To Net: NetName=DGND Pin=U5-35
Added Pin To Net: NetName=DGND Pin=U5-36
Added Pin To Net: NetName=DGND Pin=U5-47
Added Pin To Net: NetName=DGND Pin=U6-1
Added Pin To Net: NetName=DGND Pin=U7-15
Added Pin To Net: NetName=DGND Pin=U8-5
Added Pin To Net: NetName=DGND Pin=U9-10
Added Pin To Net: NetName=DGND Pin=U9-27
Added Pin To Net: NetName=DGND Pin=U9-74
Added Pin To Net: NetName=DGND Pin=W10-2
Added Pin To Net: NetName=DGND Pin=W11-2
Added Pin To Net: NetName=DGND Pin=W13-1
Added Pin To Net: NetName=DGND Pin=XTAL1-2
Added Net: Name=DGND
Added Pin To Net: NetName=DTAT0 Pin=P1-11
Added Pin To Net: NetName=DTAT0 Pin=U9-65
Added Net: Name=DTAT0
Added Pin To Net: NetName=DTAT1 Pin=P1-9
Added Pin To Net: NetName=DTAT1 Pin=U9-66
Added Net: Name=DTAT1
Added Pin To Net: NetName=LINKLED Pin=J3-11
Added Pin To Net: NetName=LINKLED Pin=R42-1
Added Pin To Net: NetName=LINKLED Pin=U5-28
Added Net: Name=LINKLED
Added Pin To Net: NetName=Net1_1 Pin=1-1
Added Pin To Net: NetName=Net1_1 Pin=1-2
Added Pin To Net: NetName=Net1_1 Pin=J8-1
Added Pin To Net: NetName=Net1_1 Pin=R80-1
Added Net: Name=Net1_1
Added Pin To Net: NetName=NetBT1_1 Pin=BT1-1
Added Pin To Net: NetName=NetBT1_1 Pin=U9-6
Added Net: Name=NetBT1_1
Added Pin To Net: NetName=NetC7_1 Pin=C7-1
Added Pin To Net: NetName=NetC7_1 Pin=C8-1
Added Pin To Net: NetName=NetC7_1 Pin=L1-2
Added Pin To Net: NetName=NetC7_1 Pin=XTAL1-4
Added Net: Name=NetC7_1
Added Pin To Net: NetName=NetC15_1 Pin=C15-1
Added Pin To Net: NetName=NetC15_1 Pin=C16-1
Added Pin To Net: NetName=NetC15_1 Pin=C17-1
Added Pin To Net: NetName=NetC15_1 Pin=C18-1
Added Pin To Net: NetName=NetC15_1 Pin=U5-18
Added Net: Name=NetC15_1
Added Pin To Net: NetName=NetC32_2 Pin=C32-2
Added Pin To Net: NetName=NetC32_2 Pin=U7-2
Added Net: Name=NetC32_2
Added Pin To Net: NetName=NetC33_1 Pin=C33-1
Added Pin To Net: NetName=NetC33_1 Pin=U7-1
Added Net: Name=NetC33_1
Added Pin To Net: NetName=NetC33_2 Pin=C33-2
Added Pin To Net: NetName=NetC33_2 Pin=U7-3
Added Net: Name=NetC33_2
Added Pin To Net: NetName=NetC34_1 Pin=C34-1
Added Pin To Net: NetName=NetC34_1 Pin=U7-4
Added Net: Name=NetC34_1
Added Pin To Net: NetName=NetC34_2 Pin=C34-2
Added Pin To Net: NetName=NetC34_2 Pin=U7-5
Added Net: Name=NetC34_2
Added Pin To Net: NetName=NetC35_2 Pin=C35-2
Added Pin To Net: NetName=NetC35_2 Pin=U7-6
Added Net: Name=NetC35_2
Added Pin To Net: NetName=NetC48_2 Pin=C48-2
Added Pin To Net: NetName=NetC48_2 Pin=U9-49
Added Pin To Net: NetName=NetC48_2 Pin=W10-1
Added Net: Name=NetC48_2
Added Pin To Net: NetName=NetC49_2 Pin=C49-2
Added Pin To Net: NetName=NetC49_2 Pin=U9-73
Added Net: Name=NetC49_2
Added Pin To Net: NetName=NetD1_2 Pin=D1-2
Added Pin To Net: NetName=NetD1_2 Pin=R12-2
Added Net: Name=NetD1_2
Added Pin To Net: NetName=NetD2_2 Pin=D2-2
Added Pin To Net: NetName=NetD2_2 Pin=R15-2
Added Net: Name=NetD2_2
Added Pin To Net: NetName=NetD3_2 Pin=D3-2
Added Pin To Net: NetName=NetD3_2 Pin=R18-2
Added Net: Name=NetD3_2
Added Pin To Net: NetName=NetD4_2 Pin=D4-2
Added Pin To Net: NetName=NetD4_2 Pin=R21-2
Added Net: Name=NetD4_2
Added Pin To Net: NetName=NetD5_1 Pin=D5-1
Added Pin To Net: NetName=NetD5_1 Pin=R53-1
Added Net: Name=NetD5_1
Added Pin To Net: NetName=NetD6_1 Pin=D6-1
Added Pin To Net: NetName=NetD6_1 Pin=R54-1
Added Net: Name=NetD6_1
Added Pin To Net: NetName=NetD7_1 Pin=D7-1
Added Pin To Net: NetName=NetD7_1 Pin=R55-1
Added Net: Name=NetD7_1
Added Pin To Net: NetName=NetD8_1 Pin=D8-1
Added Pin To Net: NetName=NetD8_1 Pin=R56-1
Added Net: Name=NetD8_1
Added Pin To Net: NetName=NetD9_1 Pin=D9-1
Added Pin To Net: NetName=NetD9_1 Pin=R58-1
Added Net: Name=NetD9_1
Added Pin To Net: NetName=NetD10_2 Pin=D10-2
Added Pin To Net: NetName=NetD10_2 Pin=R62-2
Added Net: Name=NetD10_2
Added Pin To Net: NetName=NetD11_2 Pin=D11-2
Added Pin To Net: NetName=NetD11_2 Pin=R61-2
Added Net: Name=NetD11_2
Added Pin To Net: NetName=NetD12_2 Pin=D12-2
Added Pin To Net: NetName=NetD12_2 Pin=R66-2
Added Net: Name=NetD12_2
Added Pin To Net: NetName=NetD13_2 Pin=D13-2
Added Pin To Net: NetName=NetD13_2 Pin=R64-2
Added Net: Name=NetD13_2
Added Pin To Net: NetName=NetJ1_3 Pin=J1-3
Added Pin To Net: NetName=NetJ1_3 Pin=R2-2
Added Net: Name=NetJ1_3
Added Pin To Net: NetName=NetJ1_4 Pin=J1-4
Added Pin To Net: NetName=NetJ1_4 Pin=R1-2
Added Net: Name=NetJ1_4
Added Pin To Net: NetName=NetJ3_9 Pin=J3-9
Added Pin To Net: NetName=NetJ3_9 Pin=R35-2
Added Net: Name=NetJ3_9
Added Pin To Net: NetName=NetJ3_12 Pin=J3-12
Added Pin To Net: NetName=NetJ3_12 Pin=R40-2
Added Net: Name=NetJ3_12
Added Pin To Net: NetName=NetJ5_2 Pin=J5-2
Added Pin To Net: NetName=NetJ5_2 Pin=R59-1
Added Net: Name=NetJ5_2
Added Pin To Net: NetName=NetJ5_3 Pin=J5-3
Added Pin To Net: NetName=NetJ5_3 Pin=R60-1
Added Net: Name=NetJ5_3
Added Pin To Net: NetName=NetJ7_9 Pin=J7-9
Added Pin To Net: NetName=NetJ7_9 Pin=R69-2
Added Pin To Net: NetName=NetJ7_9 Pin=R70-2
Added Net: Name=NetJ7_9
Added Pin To Net: NetName=NetJ8_2 Pin=J8-2
Added Pin To Net: NetName=NetJ8_2 Pin=U9-21
Added Net: Name=NetJ8_2
Added Pin To Net: NetName=NetJ10_1 Pin=J10-1
Added Pin To Net: NetName=NetJ10_1 Pin=W15-1
Added Net: Name=NetJ10_1
Added Pin To Net: NetName=NetJ10_2 Pin=J10-2
Added Pin To Net: NetName=NetJ10_2 Pin=R89-1
Added Net: Name=NetJ10_2
Added Pin To Net: NetName=NetJ10_3 Pin=J10-3
Added Pin To Net: NetName=NetJ10_3 Pin=R90-1
Added Net: Name=NetJ10_3
Added Pin To Net: NetName=NetJ10_4 Pin=J10-4
Added Pin To Net: NetName=NetJ10_4 Pin=R91-1
Added Net: Name=NetJ10_4
Added Pin To Net: NetName=NetP8_1 Pin=P8-1
Added Pin To Net: NetName=NetP8_1 Pin=R74-2
Added Net: Name=NetP8_1
Added Pin To Net: NetName=NetP8_3 Pin=P8-3
Added Pin To Net: NetName=NetP8_3 Pin=R75-2
Added Net: Name=NetP8_3
Added Pin To Net: NetName=NetP8_4 Pin=P8-4
Added Pin To Net: NetName=NetP8_4 Pin=R76-1
Added Net: Name=NetP8_4
Added Pin To Net: NetName=NetP8_5 Pin=P8-5
Added Pin To Net: NetName=NetP8_5 Pin=R77-2
Added Net: Name=NetP8_5
Added Pin To Net: NetName=NetP9_1 Pin=P9-1
Added Pin To Net: NetName=NetP9_1 Pin=P9-2
Added Pin To Net: NetName=NetP9_1 Pin=R83-1
Added Pin To Net: NetName=NetP9_1 Pin=R84-1
Added Pin To Net: NetName=NetP9_1 Pin=R85-1
Added Pin To Net: NetName=NetP9_1 Pin=R86-1
Added Pin To Net: NetName=NetP9_1 Pin=R87-1
Added Net: Name=NetP9_1
Added Pin To Net: NetName=NetR3_2 Pin=R3-2
Added Pin To Net: NetName=NetR3_2 Pin=U1-6
Added Net: Name=NetR3_2
Added Pin To Net: NetName=NetR5_2 Pin=R5-2
Added Pin To Net: NetName=NetR5_2 Pin=U1-5
Added Net: Name=NetR5_2
Added Pin To Net: NetName=NetR8_1 Pin=R8-1
Added Pin To Net: NetName=NetR8_1 Pin=U2-1
Added Net: Name=NetR8_1
Added Pin To Net: NetName=NetR9_1 Pin=R9-1
Added Pin To Net: NetName=NetR9_1 Pin=U2-2
Added Net: Name=NetR9_1
Added Pin To Net: NetName=NetR10_2 Pin=R10-2
Added Pin To Net: NetName=NetR10_2 Pin=U2-6
Added Net: Name=NetR10_2
Added Pin To Net: NetName=NetR11_2 Pin=R11-2
Added Pin To Net: NetName=NetR11_2 Pin=U2-5
Added Net: Name=NetR11_2
Added Pin To Net: NetName=NetR13_2 Pin=R13-2
Added Pin To Net: NetName=NetR13_2 Pin=U3-8
Added Net: Name=NetR13_2
Added Pin To Net: NetName=NetR14_1 Pin=R14-1
Added Pin To Net: NetName=NetR14_1 Pin=U3-7
Added Pin To Net: NetName=NetR14_1 Pin=W1-2
Added Net: Name=NetR14_1
Added Pin To Net: NetName=NetR16_1 Pin=R16-1
Added Pin To Net: NetName=NetR16_1 Pin=W1-1
Added Net: Name=NetR16_1
Added Pin To Net: NetName=NetR16_2 Pin=R16-2
Added Pin To Net: NetName=NetR16_2 Pin=R17-1
Added Pin To Net: NetName=NetR16_2 Pin=U3-6
Added Net: Name=NetR16_2
Added Pin To Net: NetName=NetR19_2 Pin=R19-2
Added Pin To Net: NetName=NetR19_2 Pin=U4-8
Added Net: Name=NetR19_2
Added Pin To Net: NetName=NetR20_1 Pin=R20-1
Added Pin To Net: NetName=NetR20_1 Pin=U4-7
Added Pin To Net: NetName=NetR20_1 Pin=W2-2
Added Net: Name=NetR20_1
Added Pin To Net: NetName=NetR22_1 Pin=R22-1
Added Pin To Net: NetName=NetR22_1 Pin=W2-1
Added Net: Name=NetR22_1
Added Pin To Net: NetName=NetR22_2 Pin=R22-2
Added Pin To Net: NetName=NetR22_2 Pin=R23-1
Added Pin To Net: NetName=NetR22_2 Pin=U4-6
Added Net: Name=NetR22_2
Added Pin To Net: NetName=NetR28_1 Pin=R28-1
Added Pin To Net: NetName=NetR28_1 Pin=U5-2
Added Net: Name=NetR28_1
Added Pin To Net: NetName=NetR29_1 Pin=R29-1
Added Pin To Net: NetName=NetR29_1 Pin=U5-3
Added Net: Name=NetR29_1
Added Pin To Net: NetName=NetR30_1 Pin=R30-1
Added Pin To Net: NetName=NetR30_1 Pin=U5-4
Added Net: Name=NetR30_1
Added Pin To Net: NetName=NetR31_1 Pin=R31-1
Added Pin To Net: NetName=NetR31_1 Pin=U5-5
Added Net: Name=NetR31_1
Added Pin To Net: NetName=NetR32_1 Pin=R32-1
Added Pin To Net: NetName=NetR32_1 Pin=U5-6
Added Net: Name=NetR32_1
Added Pin To Net: NetName=NetR33_1 Pin=R33-1
Added Pin To Net: NetName=NetR33_1 Pin=U5-43
Added Net: Name=NetR33_1
Added Pin To Net: NetName=NetR33_2 Pin=R33-2
Added Pin To Net: NetName=NetR33_2 Pin=W5-1
Added Pin To Net: NetName=NetR33_2 Pin=W6-1
Added Net: Name=NetR33_2
Added Pin To Net: NetName=NetR34_1 Pin=R34-1
Added Pin To Net: NetName=NetR34_1 Pin=U5-44
Added Net: Name=NetR34_1
Added Pin To Net: NetName=NetR34_2 Pin=R34-2
Added Pin To Net: NetName=NetR34_2 Pin=W3-1
Added Pin To Net: NetName=NetR34_2 Pin=W4-1
Added Net: Name=NetR34_2
Added Pin To Net: NetName=NetR36_2 Pin=R36-2
Added Pin To Net: NetName=NetR36_2 Pin=U5-7
Added Net: Name=NetR36_2
Added Pin To Net: NetName=NetR41_1 Pin=R41-1
Added Pin To Net: NetName=NetR41_1 Pin=U5-39
Added Net: Name=NetR41_1
Added Pin To Net: NetName=NetR41_2 Pin=R41-2
Added Pin To Net: NetName=NetR41_2 Pin=W7-2
Added Pin To Net: NetName=NetR41_2 Pin=W8-2
Added Net: Name=NetR41_2
Added Pin To Net: NetName=NetR43_1 Pin=R43-1
Added Pin To Net: NetName=NetR43_1 Pin=U5-27
Added Net: Name=NetR43_1
Added Pin To Net: NetName=NetR45_1 Pin=R45-1
Added Pin To Net: NetName=NetR45_1 Pin=U5-21
Added Net: Name=NetR45_1
Added Pin To Net: NetName=NetR46_1 Pin=R46-1
Added Pin To Net: NetName=NetR46_1 Pin=U5-20
Added Net: Name=NetR46_1
Added Pin To Net: NetName=NetR47_1 Pin=R47-1
Added Pin To Net: NetName=NetR47_1 Pin=R48-2
Added Net: Name=NetR47_1
Added Pin To Net: NetName=NetR48_1 Pin=R48-1
Added Pin To Net: NetName=NetR48_1 Pin=U5-24
Added Net: Name=NetR48_1
Added Pin To Net: NetName=NetR65_1 Pin=R65-1
Added Pin To Net: NetName=NetR65_1 Pin=W9-1
Added Net: Name=NetR65_1
Added Pin To Net: NetName=NetU5_23 Pin=U5-23
Added Pin To Net: NetName=NetU5_23 Pin=U5-37
Added Net: Name=NetU5_23
Added Pin To Net: NetName=NetU5_34 Pin=U5-34
Added Pin To Net: NetName=NetU5_34 Pin=XTAL1-3
Added Net: Name=NetU5_34
Added Pin To Net: NetName=NetU9_19 Pin=U9-19
Added Pin To Net: NetName=NetU9_19 Pin=W12-2
Added Pin To Net: NetName=NetU9_19 Pin=W13-2
Added Net: Name=NetU9_19
Added Pin To Net: NetName=NetU9_99 Pin=U9-99
Added Pin To Net: NetName=NetU9_99 Pin=W11-1
Added Net: Name=NetU9_99
Added Pin To Net: NetName=OSC_IN Pin=C44-1
Added Pin To Net: NetName=OSC_IN Pin=R79-2
Added Pin To Net: NetName=OSC_IN Pin=U9-12
Added Pin To Net: NetName=OSC_IN Pin=Y2-2
Added Net: Name=OSC_IN
Added Pin To Net: NetName=OSC_OUT Pin=C45-1
Added Pin To Net: NetName=OSC_OUT Pin=R79-1
Added Pin To Net: NetName=OSC_OUT Pin=U9-13
Added Pin To Net: NetName=OSC_OUT Pin=Y2-1
Added Net: Name=OSC_OUT
Added Pin To Net: NetName=PA0 Pin=P2-4
Added Pin To Net: NetName=PA0 Pin=P8-6
Added Pin To Net: NetName=PA0 Pin=R73-1
Added Pin To Net: NetName=PA0 Pin=U9-23
Added Net: Name=PA0
Added Pin To Net: NetName=PA1_RMII_RX_CLK Pin=U9-24
Added Net: Name=PA1_RMII_RX_CLK
Added Pin To Net: NetName=PA2_RMII_MDIO Pin=P2-2
Added Pin To Net: NetName=PA2_RMII_MDIO Pin=R37-2
Added Pin To Net: NetName=PA2_RMII_MDIO Pin=U5-30
Added Pin To Net: NetName=PA2_RMII_MDIO Pin=U9-25
Added Net: Name=PA2_RMII_MDIO
Added Pin To Net: NetName=PA3 Pin=P4-4
Added Pin To Net: NetName=PA3 Pin=U9-26
Added Net: Name=PA3
Added Pin To Net: NetName=PA4 Pin=D5-2
Added Pin To Net: NetName=PA4 Pin=P4-2
Added Pin To Net: NetName=PA4 Pin=U9-29
Added Net: Name=PA4
Added Pin To Net: NetName=PA5 Pin=D6-2
Added Pin To Net: NetName=PA5 Pin=P4-8
Added Pin To Net: NetName=PA5 Pin=U9-30
Added Net: Name=PA5
Added Pin To Net: NetName=PA6 Pin=P4-6
Added Pin To Net: NetName=PA6 Pin=P7-4
Added Pin To Net: NetName=PA6 Pin=U9-31
Added Net: Name=PA6
Added Pin To Net: NetName=PA7_RMII_RX_DV Pin=P4-12
Added Pin To Net: NetName=PA7_RMII_RX_DV Pin=R38-2
Added Pin To Net: NetName=PA7_RMII_RX_DV Pin=U9-32
Added Pin To Net: NetName=PA7_RMII_RX_DV Pin=W8-1
Added Net: Name=PA7_RMII_RX_DV
Added Pin To Net: NetName=PA8 Pin=P1-13
Added Pin To Net: NetName=PA8 Pin=U9-67
Added Net: Name=PA8
Added Pin To Net: NetName=PA9_TX1 Pin=R61-1
Added Pin To Net: NetName=PA9_TX1 Pin=U7-10
Added Pin To Net: NetName=PA9_TX1 Pin=U9-68
Added Net: Name=PA9_TX1
Added Pin To Net: NetName=PA9 Pin=P1-7
Added Net: Name=PA9
Added Pin To Net: NetName=PA10_RX1 Pin=P1-5
Added Pin To Net: NetName=PA10_RX1 Pin=R62-1
Added Pin To Net: NetName=PA10_RX1 Pin=R91-2
Added Pin To Net: NetName=PA10_RX1 Pin=U7-9
Added Pin To Net: NetName=PA10_RX1 Pin=U9-69
Added Net: Name=PA10_RX1
Added Pin To Net: NetName=PA11_USB_DM Pin=P1-3
Added Pin To Net: NetName=PA11_USB_DM Pin=R89-2
Added Pin To Net: NetName=PA11_USB_DM Pin=U9-70
Added Net: Name=PA11_USB_DM
Added Pin To Net: NetName=PA12_USB_DP Pin=P1-1
Added Pin To Net: NetName=PA12_USB_DP Pin=R90-2
Added Pin To Net: NetName=PA12_USB_DP Pin=U9-71
Added Net: Name=PA12_USB_DP
Added Pin To Net: NetName=PA13_TMS Pin=P2-18
Added Pin To Net: NetName=PA13_TMS Pin=P9-7
Added Pin To Net: NetName=PA13_TMS Pin=R85-2
Added Pin To Net: NetName=PA13_TMS Pin=U9-72
Added Net: Name=PA13_TMS
Added Pin To Net: NetName=PA14_TCK Pin=P3-2
Added Pin To Net: NetName=PA14_TCK Pin=P9-9
Added Pin To Net: NetName=PA14_TCK Pin=R88-1
Added Pin To Net: NetName=PA14_TCK Pin=U9-76
Added Net: Name=PA14_TCK
Added Pin To Net: NetName=PA15_TDI Pin=P3-4
Added Pin To Net: NetName=PA15_TDI Pin=P9-5
Added Pin To Net: NetName=PA15_TDI Pin=R84-2
Added Pin To Net: NetName=PA15_TDI Pin=U9-77
Added Net: Name=PA15_TDI
Added Pin To Net: NetName=PB0 Pin=J4-2
Added Pin To Net: NetName=PB0 Pin=P4-14
Added Pin To Net: NetName=PB0 Pin=R57-2
Added Pin To Net: NetName=PB0 Pin=U9-35
Added Net: Name=PB0
Added Pin To Net: NetName=PB1 Pin=D7-2
Added Pin To Net: NetName=PB1 Pin=P4-20
Added Pin To Net: NetName=PB1 Pin=U9-36
Added Net: Name=PB1
Added Pin To Net: NetName=PB2_BOOT1 Pin=R81-1
Added Pin To Net: NetName=PB2_BOOT1 Pin=U9-37
Added Net: Name=PB2_BOOT1
Added Pin To Net: NetName=PB3_TDO Pin=P3-13
Added Pin To Net: NetName=PB3_TDO Pin=P9-13
Added Pin To Net: NetName=PB3_TDO Pin=R86-2
Added Pin To Net: NetName=PB3_TDO Pin=U9-89
Added Net: Name=PB3_TDO
Added Pin To Net: NetName=PB4_TRST Pin=P3-11
Added Pin To Net: NetName=PB4_TRST Pin=P9-3
Added Pin To Net: NetName=PB4_TRST Pin=R83-2
Added Pin To Net: NetName=PB4_TRST Pin=U9-90
Added Net: Name=PB4_TRST
Added Pin To Net: NetName=PB5_CAN2_RX Pin=P3-9
Added Pin To Net: NetName=PB5_CAN2_RX Pin=R21-1
Added Pin To Net: NetName=PB5_CAN2_RX Pin=U4-4
Added Net: Name=PB5_CAN2_RX
Added Pin To Net: NetName=PB6_I2C_SCL_CAN2_TX Pin=P3-7
Added Pin To Net: NetName=PB6_I2C_SCL_CAN2_TX Pin=R2-1
Added Pin To Net: NetName=PB6_I2C_SCL_CAN2_TX Pin=R3-1
Added Pin To Net: NetName=PB6_I2C_SCL_CAN2_TX Pin=R4-2
Added Pin To Net: NetName=PB6_I2C_SCL_CAN2_TX Pin=R18-1
Added Pin To Net: NetName=PB6_I2C_SCL_CAN2_TX Pin=U4-1
Added Pin To Net: NetName=PB6_I2C_SCL_CAN2_TX Pin=U9-92
Added Net: Name=PB6_I2C_SCL_CAN2_TX
Added Pin To Net: NetName=PB7_I2C_SDA Pin=P3-5
Added Pin To Net: NetName=PB7_I2C_SDA Pin=R1-1
Added Pin To Net: NetName=PB7_I2C_SDA Pin=R5-1
Added Pin To Net: NetName=PB7_I2C_SDA Pin=R6-2
Added Pin To Net: NetName=PB7_I2C_SDA Pin=U9-93
Added Net: Name=PB7_I2C_SDA
Added Pin To Net: NetName=PB8 Pin=P3-3
Added Pin To Net: NetName=PB8 Pin=P5-16
Added Pin To Net: NetName=PB8 Pin=U9-95
Added Net: Name=PB8
Added Pin To Net: NetName=PB9_SD_CD Pin=P3-1
Added Pin To Net: NetName=PB9_SD_CD Pin=R70-1
Added Pin To Net: NetName=PB9_SD_CD Pin=U9-96
Added Net: Name=PB9_SD_CD
Added Pin To Net: NetName=PB10 Pin=P4-1
Added Pin To Net: NetName=PB10 Pin=U9-47
Added Net: Name=PB10
Added Pin To Net: NetName=PB11_RMII_TX_EN Pin=P4-3
Added Pin To Net: NetName=PB11_RMII_TX_EN Pin=R28-2
Added Pin To Net: NetName=PB11_RMII_TX_EN Pin=U9-48
Added Net: Name=PB11_RMII_TX_EN
Added Pin To Net: NetName=PB12_RMII_TXD0 Pin=P1-4
Added Pin To Net: NetName=PB12_RMII_TXD0 Pin=R29-2
Added Pin To Net: NetName=PB12_RMII_TXD0 Pin=U9-51
Added Net: Name=PB12_RMII_TXD0
Added Pin To Net: NetName=PB13_RMII_TXD1 Pin=P1-2
Added Pin To Net: NetName=PB13_RMII_TXD1 Pin=R30-2
Added Pin To Net: NetName=PB13_RMII_TXD1 Pin=U9-52
Added Net: Name=PB13_RMII_TXD1
Added Pin To Net: NetName=PB14_DM Pin=J9-2
Added Pin To Net: NetName=PB14_DM Pin=P1-8
Added Pin To Net: NetName=PB14_DM Pin=U9-53
Added Net: Name=PB14_DM
Added Pin To Net: NetName=PB15_DP Pin=J9-3
Added Pin To Net: NetName=PB15_DP Pin=P1-6
Added Pin To Net: NetName=PB15_DP Pin=U9-54
Added Net: Name=PB15_DP
Added Pin To Net: NetName=PB45_CAN2_RX Pin=U9-91
Added Net: Name=PB45_CAN2_RX
Added Pin To Net: NetName=PC0 Pin=P2-14
Added Pin To Net: NetName=PC0 Pin=R77-1
Added Pin To Net: NetName=PC0 Pin=U9-15
Added Net: Name=PC0
Added Pin To Net: NetName=PC1_RMII_MDC Pin=P2-16
Added Pin To Net: NetName=PC1_RMII_MDC Pin=U5-31
Added Pin To Net: NetName=PC1_RMII_MDC Pin=U9-16
Added Net: Name=PC1_RMII_MDC
Added Pin To Net: NetName=PC2 Pin=P2-8
Added Pin To Net: NetName=PC2 Pin=R7-1
Added Pin To Net: NetName=PC2 Pin=R8-2
Added Pin To Net: NetName=PC2 Pin=U9-17
Added Net: Name=PC2
Added Pin To Net: NetName=PC3 Pin=P2-6
Added Pin To Net: NetName=PC3 Pin=P8-2
Added Pin To Net: NetName=PC3 Pin=R72-1
Added Pin To Net: NetName=PC3 Pin=U9-18
Added Net: Name=PC3
Added Pin To Net: NetName=PC4_RMII_RXD1 Pin=P4-10
Added Pin To Net: NetName=PC4_RMII_RXD1 Pin=U9-33
Added Pin To Net: NetName=PC4_RMII_RXD1 Pin=W5-2
Added Net: Name=PC4_RMII_RXD1
Added Pin To Net: NetName=PC5_RMII_RXD2 Pin=P4-16
Added Pin To Net: NetName=PC5_RMII_RXD2 Pin=U9-34
Added Pin To Net: NetName=PC5_RMII_RXD2 Pin=W4-2
Added Net: Name=PC5_RMII_RXD2
Added Pin To Net: NetName=PC6 Pin=P1-15
Added Pin To Net: NetName=PC6 Pin=P5-14
Added Pin To Net: NetName=PC6 Pin=U9-63
Added Net: Name=PC6
Added Pin To Net: NetName=PC7 Pin=P5-17
Added Pin To Net: NetName=PC7 Pin=U9-64
Added Net: Name=PC7
Added Pin To Net: NetName=PC13 Pin=P2-15
Added Pin To Net: NetName=PC13 Pin=U9-7
Added Net: Name=PC13
Added Pin To Net: NetName=PC14_OSC32_IN Pin=C43-1
Added Pin To Net: NetName=PC14_OSC32_IN Pin=R78-1
Added Pin To Net: NetName=PC14_OSC32_IN Pin=U9-8
Added Pin To Net: NetName=PC14_OSC32_IN Pin=Y1-1
Added Net: Name=PC14_OSC32_IN
Added Pin To Net: NetName=PC15_OSC32_OUT Pin=C42-1
Added Pin To Net: NetName=PC15_OSC32_OUT Pin=R78-2
Added Pin To Net: NetName=PC15_OSC32_OUT Pin=U9-9
Added Pin To Net: NetName=PC15_OSC32_OUT Pin=Y1-2
Added Net: Name=PC15_OSC32_OUT
Added Pin To Net: NetName=PD0_CAN1_RX Pin=P3-12
Added Pin To Net: NetName=PD0_CAN1_RX Pin=R15-1
Added Pin To Net: NetName=PD0_CAN1_RX Pin=U3-4
Added Pin To Net: NetName=PD0_CAN1_RX Pin=U9-81
Added Net: Name=PD0_CAN1_RX
Added Pin To Net: NetName=PD1_CAN1_TX Pin=P3-14
Added Pin To Net: NetName=PD1_CAN1_TX Pin=R12-1
Added Pin To Net: NetName=PD1_CAN1_TX Pin=U3-1
Added Pin To Net: NetName=PD1_CAN1_TX Pin=U9-82
Added Net: Name=PD1_CAN1_TX
Added Pin To Net: NetName=PD3 Pin=P3-18
Added Pin To Net: NetName=PD3 Pin=U9-84
Added Net: Name=PD3
Added Pin To Net: NetName=PD4 Pin=P3-20
Added Pin To Net: NetName=PD4 Pin=U9-85
Added Net: Name=PD4
Added Pin To Net: NetName=PD5_TX2 Pin=P3-19
Added Pin To Net: NetName=PD5_TX2 Pin=R66-1
Added Pin To Net: NetName=PD5_TX2 Pin=U8-4
Added Pin To Net: NetName=PD5_TX2 Pin=U9-86
Added Net: Name=PD5_TX2
Added Pin To Net: NetName=PD6_RX2 Pin=P3-17
Added Pin To Net: NetName=PD6_RX2 Pin=R64-1
Added Pin To Net: NetName=PD6_RX2 Pin=U8-1
Added Pin To Net: NetName=PD6_RX2 Pin=U9-87
Added Net: Name=PD6_RX2
Added Pin To Net: NetName=PD7 Pin=P3-15
Added Pin To Net: NetName=PD7 Pin=R68-1
Added Pin To Net: NetName=PD7 Pin=U8-2
Added Pin To Net: NetName=PD7 Pin=U8-3
Added Pin To Net: NetName=PD7 Pin=U9-88
Added Net: Name=PD7
Added Pin To Net: NetName=PD8_RMII_EX_DV Pin=R39-2
Added Pin To Net: NetName=PD8_RMII_EX_DV Pin=W7-1
Added Net: Name=PD8_RMII_EX_DV
Added Pin To Net: NetName=PD8_RMII_RX_DV Pin=P1-12
Added Pin To Net: NetName=PD8_RMII_RX_DV Pin=U9-55
Added Net: Name=PD8_RMII_RX_DV
Added Pin To Net: NetName=PD9_RMII_RXD0 Pin=P1-10
Added Pin To Net: NetName=PD9_RMII_RXD0 Pin=U9-56
Added Pin To Net: NetName=PD9_RMII_RXD0 Pin=W6-2
Added Net: Name=PD9_RMII_RXD0
Added Pin To Net: NetName=PD10_RMII_RXD1 Pin=P1-16
Added Pin To Net: NetName=PD10_RMII_RXD1 Pin=U9-57
Added Pin To Net: NetName=PD10_RMII_RXD1 Pin=W3-2
Added Net: Name=PD10_RMII_RXD1
Added Pin To Net: NetName=PD11 Pin=P1-14
Added Pin To Net: NetName=PD11 Pin=P5-8
Added Pin To Net: NetName=PD11 Pin=U9-58
Added Net: Name=PD11
Added Pin To Net: NetName=PD12 Pin=P1-18
Added Pin To Net: NetName=PD12 Pin=U9-59
Added Net: Name=PD12
Added Pin To Net: NetName=PD13 Pin=P1-20
Added Pin To Net: NetName=PD13 Pin=U9-60
Added Net: Name=PD13
Added Pin To Net: NetName=PD14 Pin=P1-19
Added Pin To Net: NetName=PD14 Pin=U9-61
Added Net: Name=PD14
Added Pin To Net: NetName=PD15 Pin=P1-17
Added Pin To Net: NetName=PD15 Pin=P5-18
Added Pin To Net: NetName=PD15 Pin=U9-62
Added Net: Name=PD15
Added Pin To Net: NetName=PE0 Pin=P2-1
Added Pin To Net: NetName=PE0 Pin=P5-6
Added Pin To Net: NetName=PE0 Pin=U9-97
Added Net: Name=PE0
Added Pin To Net: NetName=PE1 Pin=P2-3
Added Pin To Net: NetName=PE1 Pin=P5-4
Added Pin To Net: NetName=PE1 Pin=U9-98
Added Net: Name=PE1
Added Pin To Net: NetName=PE2 Pin=P2-5
Added Pin To Net: NetName=PE2 Pin=P5-3
Added Pin To Net: NetName=PE2 Pin=U9-1
Added Net: Name=PE2
Added Pin To Net: NetName=PE3 Pin=P2-7
Added Pin To Net: NetName=PE3 Pin=P5-5
Added Pin To Net: NetName=PE3 Pin=U9-2
Added Net: Name=PE3
Added Pin To Net: NetName=PE4 Pin=P2-9
Added Pin To Net: NetName=PE4 Pin=P5-7
Added Pin To Net: NetName=PE4 Pin=U9-3
Added Net: Name=PE4
Added Pin To Net: NetName=PE5 Pin=P2-11
Added Pin To Net: NetName=PE5 Pin=P5-9
Added Pin To Net: NetName=PE5 Pin=U9-4
Added Net: Name=PE5
Added Pin To Net: NetName=PE6 Pin=P2-13
Added Pin To Net: NetName=PE6 Pin=P5-10
Added Pin To Net: NetName=PE6 Pin=U9-5
Added Net: Name=PE6
Added Pin To Net: NetName=PE7 Pin=P4-18
Added Pin To Net: NetName=PE7 Pin=P5-12
Added Pin To Net: NetName=PE7 Pin=U9-38
Added Net: Name=PE7
Added Pin To Net: NetName=PE8 Pin=P4-17
Added Pin To Net: NetName=PE8 Pin=U9-39
Added Net: Name=PE8
Added Pin To Net: NetName=PE9 Pin=P4-19
Added Pin To Net: NetName=PE9 Pin=U9-40
Added Net: Name=PE9
Added Pin To Net: NetName=PE10 Pin=P4-13
Added Pin To Net: NetName=PE10 Pin=U9-41
Added Net: Name=PE10
Added Pin To Net: NetName=PE11 Pin=D8-2
Added Pin To Net: NetName=PE11 Pin=P4-15
Added Pin To Net: NetName=PE11 Pin=U9-42
Added Net: Name=PE11
Added Pin To Net: NetName=PE12 Pin=C19-2
Added Pin To Net: NetName=PE12 Pin=P4-9
Added Pin To Net: NetName=PE12 Pin=R52-2
Added Pin To Net: NetName=PE12 Pin=S1-1
Added Pin To Net: NetName=PE12 Pin=U9-43
Added Net: Name=PE12
Added Pin To Net: NetName=PE13 Pin=C22-2
Added Pin To Net: NetName=PE13 Pin=P4-11
Added Pin To Net: NetName=PE13 Pin=R49-2
Added Pin To Net: NetName=PE13 Pin=S4-1
Added Pin To Net: NetName=PE13 Pin=U9-44
Added Net: Name=PE13
Added Pin To Net: NetName=PE14 Pin=C21-2
Added Pin To Net: NetName=PE14 Pin=P4-5
Added Pin To Net: NetName=PE14 Pin=R50-2
Added Pin To Net: NetName=PE14 Pin=S3-1
Added Pin To Net: NetName=PE14 Pin=U9-45
Added Net: Name=PE14
Added Pin To Net: NetName=PE15 Pin=C20-2
Added Pin To Net: NetName=PE15 Pin=P4-7
Added Pin To Net: NetName=PE15 Pin=R51-2
Added Pin To Net: NetName=PE15 Pin=S2-1
Added Pin To Net: NetName=PE15 Pin=U9-46
Added Net: Name=PE15
Added Pin To Net: NetName=RS232_RX Pin=R60-2
Added Pin To Net: NetName=RS232_RX Pin=U7-8
Added Net: Name=RS232_RX
Added Pin To Net: NetName=RS232_TX Pin=R59-2
Added Pin To Net: NetName=RS232_TX Pin=U7-7
Added Net: Name=RS232_TX
Added Pin To Net: NetName=RS485_A Pin=J6-1
Added Pin To Net: NetName=RS485_A Pin=R63-2
Added Pin To Net: NetName=RS485_A Pin=U8-7
Added Pin To Net: NetName=RS485_A Pin=W9-2
Added Net: Name=RS485_A
Added Pin To Net: NetName=RS485_B Pin=J6-2
Added Pin To Net: NetName=RS485_B Pin=R65-2
Added Pin To Net: NetName=RS485_B Pin=R67-2
Added Pin To Net: NetName=RS485_B Pin=U8-6
Added Net: Name=RS485_B
Added Pin To Net: NetName=RXN Pin=J3-6
Added Pin To Net: NetName=RXN Pin=R27-2
Added Pin To Net: NetName=RXN Pin=U5-13
Added Net: Name=RXN
Added Pin To Net: NetName=RXP Pin=J3-3
Added Pin To Net: NetName=RXP Pin=R26-2
Added Pin To Net: NetName=RXP Pin=U5-14
Added Net: Name=RXP
Added Pin To Net: NetName=STM_RESET Pin=C50-1
Added Pin To Net: NetName=STM_RESET Pin=P9-15
Added Pin To Net: NetName=STM_RESET Pin=R87-2
Added Pin To Net: NetName=STM_RESET Pin=S5-2
Added Pin To Net: NetName=STM_RESET Pin=U5-29
Added Pin To Net: NetName=STM_RESET Pin=U9-14
Added Net: Name=STM_RESET
Added Pin To Net: NetName=TXN Pin=J3-2
Added Pin To Net: NetName=TXN Pin=R25-2
Added Pin To Net: NetName=TXN Pin=U5-16
Added Net: Name=TXN
Added Pin To Net: NetName=TXP Pin=J3-1
Added Pin To Net: NetName=TXP Pin=R24-2
Added Pin To Net: NetName=TXP Pin=U5-17
Added Net: Name=TXP
Added Pin To Net: NetName=VDDA Pin=C46-2
Added Pin To Net: NetName=VDDA Pin=C47-2
Added Pin To Net: NetName=VDDA Pin=J8-3
Added Pin To Net: NetName=VDDA Pin=L3-2
Added Pin To Net: NetName=VDDA Pin=R80-2
Added Pin To Net: NetName=VDDA Pin=U9-22
Added Net: Name=VDDA
Added Class: Name=at24c02_SST25FV080B_OLED
Added Class: Name=CAN
Added Class: Name=Ethernet
Added Class: Name=IO
Added Class: Name=led
Added Class: Name=OV2640
Added Class: Name=power
Added Class: Name=RS232_485
Added Class: Name=SD_NRF_RC522_W5500
Added Class: Name=STM32F107_207
Added Class: Name=USB
