Removed Pin From Net: NetName=PA12_USB_DP Pin=P1-1
Removed Pin From Net: NetName=PA11_USB_DM Pin=P1-2
Removed Pin From Net: NetName=PA10_RX1 Pin=P1-3
Removed Pin From Net: NetName=PA9 Pin=P1-4
Removed Pin From Net: NetName=DTAT1 Pin=P1-5
Removed Pin From Net: NetName=DTAT0 Pin=P1-6
Removed Pin From Net: NetName=PA8 Pin=P1-7
Removed Pin From Net: NetName=PC6 Pin=P1-8
Removed Pin From Net: NetName=PD15 Pin=P1-9
Removed Pin From Net: NetName=PD14 Pin=P1-10
Removed Pin From Net: NetName=PB13_RMII_TXD1 Pin=P1-11
Removed Pin From Net: NetName=PB12_RMII_TXD0 Pin=P1-12
Removed Pin From Net: NetName=PB15_DP Pin=P1-13
Removed Pin From Net: NetName=PB14_DM Pin=P1-14
Removed Pin From Net: NetName=PD9_RMII_RXD0 Pin=P1-15
Removed Pin From Net: NetName=PD8_RMII_RX_DV Pin=P1-16
Removed Pin From Net: NetName=PD11 Pin=P1-17
Removed Pin From Net: NetName=PD10_RMII_RXD1 Pin=P1-18
Removed Pin From Net: NetName=PD12 Pin=P1-19
Removed Pin From Net: NetName=PD13 Pin=P1-20
Removed Pin From Net: NetName=PE0 Pin=P2-1
Removed Pin From Net: NetName=PE1 Pin=P2-2
Removed Pin From Net: NetName=PE2 Pin=P2-3
Removed Pin From Net: NetName=PE3 Pin=P2-4
Removed Pin From Net: NetName=PE4 Pin=P2-5
Removed Pin From Net: NetName=PE5 Pin=P2-6
Removed Pin From Net: NetName=PE6 Pin=P2-7
Removed Pin From Net: NetName=PC13 Pin=P2-8
Removed Pin From Net: NetName=DGND Pin=P2-9
Removed Pin From Net: NetName=+3.3V Pin=P2-10
Removed Pin From Net: NetName=PA2_RMII_MDIO Pin=P2-11
Removed Pin From Net: NetName=PA0 Pin=P2-12
Removed Pin From Net: NetName=PC3 Pin=P2-13
Removed Pin From Net: NetName=PC2 Pin=P2-14
Removed Pin From Net: NetName=PC0 Pin=P2-17
Removed Pin From Net: NetName=PC1_RMII_MDC Pin=P2-18
Removed Pin From Net: NetName=PA13_TMS Pin=P2-19
Removed Pin From Net: NetName=PB9_SD_CD Pin=P3-1
Removed Pin From Net: NetName=PB8 Pin=P3-2
Removed Pin From Net: NetName=PB7_I2C_SDA Pin=P3-3
Removed Pin From Net: NetName=PB6_I2C_SCL_CAN2_TX Pin=P3-4
Removed Pin From Net: NetName=PB5_CAN2_RX Pin=P3-5
Removed Pin From Net: NetName=PB4_TRST Pin=P3-6
Removed Pin From Net: NetName=PB3_TDO Pin=P3-7
Removed Pin From Net: NetName=PD7 Pin=P3-8
Removed Pin From Net: NetName=PD6_RX2 Pin=P3-9
Removed Pin From Net: NetName=PD5_TX2 Pin=P3-10
Removed Pin From Net: NetName=PA14_TCK Pin=P3-11
Removed Pin From Net: NetName=PA15_TDI Pin=P3-12
Removed Pin From Net: NetName=DATA2 Pin=P3-13
Removed Pin From Net: NetName=CD Pin=P3-14
Removed Pin From Net: NetName=CLK Pin=P3-15
Removed Pin From Net: NetName=PD0_CAN1_RX Pin=P3-16
Removed Pin From Net: NetName=PD1_CAN1_TX Pin=P3-17
Removed Pin From Net: NetName=CMD Pin=P3-18
Removed Pin From Net: NetName=PD3 Pin=P3-19
Removed Pin From Net: NetName=PD4 Pin=P3-20
Removed Pin From Net: NetName=PB10 Pin=P4-1
Removed Pin From Net: NetName=PB11_RMII_TX_EN Pin=P4-2
Removed Pin From Net: NetName=PE14 Pin=P4-3
Removed Pin From Net: NetName=PE15 Pin=P4-4
Removed Pin From Net: NetName=PE12 Pin=P4-5
Removed Pin From Net: NetName=PE13 Pin=P4-6
Removed Pin From Net: NetName=PE10 Pin=P4-7
Removed Pin From Net: NetName=PE11 Pin=P4-8
Removed Pin From Net: NetName=PE8 Pin=P4-9
Removed Pin From Net: NetName=PE9 Pin=P4-10
Removed Pin From Net: NetName=PA4 Pin=P4-11
Removed Pin From Net: NetName=PA3 Pin=P4-12
Removed Pin From Net: NetName=PA6 Pin=P4-13
Removed Pin From Net: NetName=PA5 Pin=P4-14
Removed Pin From Net: NetName=PC4_RMII_RXD1 Pin=P4-15
Removed Pin From Net: NetName=PA7_RMII_RX_DV Pin=P4-16
Removed Pin From Net: NetName=PB0 Pin=P4-17
Removed Pin From Net: NetName=PC5_RMII_RXD2 Pin=P4-18
Removed Pin From Net: NetName=PE7 Pin=P4-19
Removed Pin From Net: NetName=PB1 Pin=P4-20
Change Component DesignItemId : Designator=P1 Old DesignItemId=CON10X2_CEN New DesignItemId=CON10X2
Change Component DesignItemId : Designator=P2 Old DesignItemId=CON10X2_CEN New DesignItemId=CON10X2
Change Component DesignItemId : Designator=P3 Old DesignItemId=CON10X2_CEN New DesignItemId=CON10X2
Change Component DesignItemId : Designator=P4 Old DesignItemId=CON10X2_CEN New DesignItemId=CON10X2
Change Component Footprint: Designator=P2 Old Footprint=HDR2X10_CEN-2.54MM New Footprint=HDR2X10-2.54MM
Change Component Footprint: Designator=P3 Old Footprint=HDR2X10_CEN-2.54MM New Footprint=HDR2X10-2.54MM
Change Component Footprint: Designator=P4 Old Footprint=HDR2X10_CEN-2.54MM New Footprint=HDR2X10-2.54MM
Change Component Comment : Designator=P1 Old Comment=CON10X2_CEN New Comment=CON10X2
Change Component Comment : Designator=P2 Old Comment=CON10X2_CEN New Comment=CON10X2
Change Component Comment : Designator=P3 Old Comment=CON10X2_CEN New Comment=CON10X2
Change Component Comment : Designator=P4 Old Comment=CON10X2_CEN New Comment=CON10X2
Added Pin To Net: NetName=PB13_RMII_TXD1 Pin=P1-1
Added Pin To Net: NetName=PA12_USB_DP Pin=P1-2
Added Pin To Net: NetName=PB12_RMII_TXD0 Pin=P1-3
Added Pin To Net: NetName=PA11_USB_DM Pin=P1-4
Added Pin To Net: NetName=PB15_DP Pin=P1-5
Added Pin To Net: NetName=PA10_RX1 Pin=P1-6
Added Pin To Net: NetName=PB14_DM Pin=P1-7
Added Pin To Net: NetName=PA9 Pin=P1-8
Added Pin To Net: NetName=PD9_RMII_RXD0 Pin=P1-9
Added Pin To Net: NetName=DTAT1 Pin=P1-10
Added Pin To Net: NetName=PD8_RMII_RX_DV Pin=P1-11
Added Pin To Net: NetName=DTAT0 Pin=P1-12
Added Pin To Net: NetName=PD11 Pin=P1-13
Added Pin To Net: NetName=PA8 Pin=P1-14
Added Pin To Net: NetName=PD10_RMII_RXD1 Pin=P1-15
Added Pin To Net: NetName=PC6 Pin=P1-16
Added Pin To Net: NetName=PD12 Pin=P1-17
Added Pin To Net: NetName=PD15 Pin=P1-18
Added Pin To Net: NetName=PD13 Pin=P1-19
Added Pin To Net: NetName=PD14 Pin=P1-20
Added Pin To Net: NetName=PA2_RMII_MDIO Pin=P2-1
Added Pin To Net: NetName=PE0 Pin=P2-2
Added Pin To Net: NetName=PA0 Pin=P2-3
Added Pin To Net: NetName=PE1 Pin=P2-4
Added Pin To Net: NetName=PC3 Pin=P2-5
Added Pin To Net: NetName=PE2 Pin=P2-6
Added Pin To Net: NetName=PC2 Pin=P2-7
Added Pin To Net: NetName=PE3 Pin=P2-8
Added Pin To Net: NetName=PE4 Pin=P2-10
Added Pin To Net: NetName=PE5 Pin=P2-12
Added Pin To Net: NetName=PC0 Pin=P2-13
Added Pin To Net: NetName=PE6 Pin=P2-14
Added Pin To Net: NetName=PC1_RMII_MDC Pin=P2-15
Added Pin To Net: NetName=PC13 Pin=P2-16
Added Pin To Net: NetName=PA13_TMS Pin=P2-17
Added Pin To Net: NetName=DGND Pin=P2-18
Added Pin To Net: NetName=+3.3V Pin=P2-20
Added Pin To Net: NetName=PA14_TCK Pin=P3-1
Added Pin To Net: NetName=PB9_SD_CD Pin=P3-2
Added Pin To Net: NetName=PA15_TDI Pin=P3-3
Added Pin To Net: NetName=PB8 Pin=P3-4
Added Pin To Net: NetName=DATA2 Pin=P3-5
Added Pin To Net: NetName=PB7_I2C_SDA Pin=P3-6
Added Pin To Net: NetName=CD Pin=P3-7
Added Pin To Net: NetName=PB6_I2C_SCL_CAN2_TX Pin=P3-8
Added Pin To Net: NetName=CLK Pin=P3-9
Added Pin To Net: NetName=PB5_CAN2_RX Pin=P3-10
Added Pin To Net: NetName=PD0_CAN1_RX Pin=P3-11
Added Pin To Net: NetName=PB4_TRST Pin=P3-12
Added Pin To Net: NetName=PD1_CAN1_TX Pin=P3-13
Added Pin To Net: NetName=PB3_TDO Pin=P3-14
Added Pin To Net: NetName=CMD Pin=P3-15
Added Pin To Net: NetName=PD7 Pin=P3-16
Added Pin To Net: NetName=PD3 Pin=P3-17
Added Pin To Net: NetName=PD6_RX2 Pin=P3-18
Added Pin To Net: NetName=PD4 Pin=P3-19
Added Pin To Net: NetName=PD5_TX2 Pin=P3-20
Added Pin To Net: NetName=PA4 Pin=P4-1
Added Pin To Net: NetName=PB10 Pin=P4-2
Added Pin To Net: NetName=PA3 Pin=P4-3
Added Pin To Net: NetName=PB11_RMII_TX_EN Pin=P4-4
Added Pin To Net: NetName=PA6 Pin=P4-5
Added Pin To Net: NetName=PE14 Pin=P4-6
Added Pin To Net: NetName=PA5 Pin=P4-7
Added Pin To Net: NetName=PE15 Pin=P4-8
Added Pin To Net: NetName=PC4_RMII_RXD1 Pin=P4-9
Added Pin To Net: NetName=PE12 Pin=P4-10
Added Pin To Net: NetName=PA7_RMII_RX_DV Pin=P4-11
Added Pin To Net: NetName=PE13 Pin=P4-12
Added Pin To Net: NetName=PB0 Pin=P4-13
Added Pin To Net: NetName=PE10 Pin=P4-14
Added Pin To Net: NetName=PC5_RMII_RXD2 Pin=P4-15
Added Pin To Net: NetName=PE11 Pin=P4-16
Added Pin To Net: NetName=PE7 Pin=P4-17
Added Pin To Net: NetName=PE8 Pin=P4-18
Added Pin To Net: NetName=PB1 Pin=P4-19
Added Pin To Net: NetName=PE9 Pin=P4-20
